Mensaje I / 00:00:00:000 / Root(00) para top(01)
Mensaje I / 00:00:00:000 / top(01) para netstats(02)
Mensaje D / 00:00:00:000 / netstats(02) / 00:00:00:000 para top(01)
Mensaje D / 00:00:00:000 / top(01) / 00:00:00:000 para Root(00)
Mensaje * / 00:00:00:000 / Root(00) para top(01)
Mensaje * / 00:00:00:000 / top(01) para netstats(02)
Mensaje Y / 00:00:00:000 / netstats(02) / aout /      0.00000 para top(01)
Mensaje D / 00:00:00:000 / netstats(02) / 00:00:05:000 para top(01)
Mensaje Y / 00:00:00:000 / top(01) / rel /      0.00000 para Root(00)
Mensaje D / 00:00:00:000 / top(01) / 00:00:05:000 para Root(00)
Mensaje X / 00:00:01:000 / Root(00) / nods /      1.00000 para top(01)
Mensaje X / 00:00:01:000 / top(01) / nin /      1.00000 para netstats(02)
Mensaje D / 00:00:01:000 / netstats(02) / 00:00:00:000 para top(01)
Mensaje D / 00:00:01:000 / top(01) / 00:00:00:000 para Root(00)
Mensaje * / 00:00:01:000 / Root(00) para top(01)
Mensaje * / 00:00:01:000 / top(01) para netstats(02)
Mensaje Y / 00:00:01:000 / netstats(02) / aout /      0.00000 para top(01)
Mensaje D / 00:00:01:000 / netstats(02) / 00:00:04:000 para top(01)
Mensaje Y / 00:00:01:000 / top(01) / rel /      0.00000 para Root(00)
Mensaje D / 00:00:01:000 / top(01) / 00:00:04:000 para Root(00)
Mensaje X / 00:00:02:000 / Root(00) / nods /      2.00000 para top(01)
Mensaje X / 00:00:02:000 / top(01) / nin /      2.00000 para netstats(02)
Mensaje D / 00:00:02:000 / netstats(02) / 00:00:00:000 para top(01)
Mensaje D / 00:00:02:000 / top(01) / 00:00:00:000 para Root(00)
Mensaje X / 00:00:02:000 / Root(00) / links /      1.00000 para top(01)
Mensaje X / 00:00:02:000 / top(01) / lin /      1.00000 para netstats(02)
Mensaje D / 00:00:02:000 / netstats(02) / 00:00:00:000 para top(01)
Mensaje D / 00:00:02:000 / top(01) / 00:00:00:000 para Root(00)
Mensaje * / 00:00:02:000 / Root(00) para top(01)
Mensaje * / 00:00:02:000 / top(01) para netstats(02)
Mensaje Y / 00:00:02:000 / netstats(02) / aout /      1.00000 para top(01)
Mensaje D / 00:00:02:000 / netstats(02) / 00:00:01:000 para top(01)
Mensaje Y / 00:00:02:000 / top(01) / rel /      1.00000 para Root(00)
Mensaje D / 00:00:02:000 / top(01) / 00:00:01:000 para Root(00)
Mensaje X / 00:00:03:000 / Root(00) / nods /      4.00000 para top(01)
Mensaje X / 00:00:03:000 / top(01) / nin /      4.00000 para netstats(02)
Mensaje D / 00:00:03:000 / netstats(02) / 00:00:00:000 para top(01)
Mensaje D / 00:00:03:000 / top(01) / 00:00:00:000 para Root(00)
Mensaje * / 00:00:03:000 / Root(00) para top(01)
Mensaje * / 00:00:03:000 / top(01) para netstats(02)
Mensaje Y / 00:00:03:000 / netstats(02) / aout /      0.16667 para top(01)
Mensaje D / 00:00:03:000 / netstats(02) / 00:00:14:000 para top(01)
Mensaje Y / 00:00:03:000 / top(01) / rel /      0.16667 para Root(00)
Mensaje D / 00:00:03:000 / top(01) / 00:00:14:000 para Root(00)
Mensaje X / 00:00:04:001 / Root(00) / links /      3.00000 para top(01)
Mensaje X / 00:00:04:001 / top(01) / lin /      3.00000 para netstats(02)
Mensaje D / 00:00:04:001 / netstats(02) / 00:00:00:000 para top(01)
Mensaje D / 00:00:04:001 / top(01) / 00:00:00:000 para Root(00)
Mensaje * / 00:00:04:001 / Root(00) para top(01)
Mensaje * / 00:00:04:001 / top(01) para netstats(02)
Mensaje Y / 00:00:04:001 / netstats(02) / aout /      0.50000 para top(01)
Mensaje D / 00:00:04:001 / netstats(02) / 00:00:06:000 para top(01)
Mensaje Y / 00:00:04:001 / top(01) / rel /      0.50000 para Root(00)
Mensaje D / 00:00:04:001 / top(01) / 00:00:06:000 para Root(00)
Mensaje X / 00:00:05:006 / Root(00) / nods /      5.00000 para top(01)
Mensaje X / 00:00:05:006 / top(01) / nin /      5.00000 para netstats(02)
Mensaje D / 00:00:05:006 / netstats(02) / 00:00:00:000 para top(01)
Mensaje D / 00:00:05:006 / top(01) / 00:00:00:000 para Root(00)
Mensaje * / 00:00:05:006 / Root(00) para top(01)
Mensaje * / 00:00:05:006 / top(01) para netstats(02)
Mensaje Y / 00:00:05:006 / netstats(02) / aout /      0.30000 para top(01)
Mensaje D / 00:00:05:006 / netstats(02) / 00:00:04:000 para top(01)
Mensaje Y / 00:00:05:006 / top(01) / rel /      0.30000 para Root(00)
Mensaje D / 00:00:05:006 / top(01) / 00:00:04:000 para Root(00)
Mensaje X / 00:00:06:010 / Root(00) / links /      2.00000 para top(01)
Mensaje X / 00:00:06:010 / top(01) / lin /      2.00000 para netstats(02)
Mensaje D / 00:00:06:010 / netstats(02) / 00:00:00:000 para top(01)
Mensaje D / 00:00:06:010 / top(01) / 00:00:00:000 para Root(00)
Mensaje * / 00:00:06:010 / Root(00) para top(01)
Mensaje * / 00:00:06:010 / top(01) para netstats(02)
Mensaje Y / 00:00:06:010 / netstats(02) / aout /      0.20000 para top(01)
Mensaje D / 00:00:06:010 / netstats(02) / 00:00:10:000 para top(01)
Mensaje Y / 00:00:06:010 / top(01) / rel /      0.20000 para Root(00)
Mensaje D / 00:00:06:010 / top(01) / 00:00:10:000 para Root(00)
