Mensaje I / 00:00:00:000 / Root(00) para top(01)
Mensaje I / 00:00:00:000 / top(01) para nodmanager(02)
Mensaje I / 00:00:00:000 / top(01) para stats(05)
Mensaje I / 00:00:00:000 / nodmanager(02) para nodep(03)
Mensaje I / 00:00:00:000 / nodmanager(02) para registry(04)
Mensaje D / 00:00:00:000 / stats(05) / 00:00:00:000 para top(01)
Mensaje D / 00:00:00:000 / nodep(03) / 00:00:00:500 para nodmanager(02)
Mensaje D / 00:00:00:000 / registry(04) / 00:00:00:000 para nodmanager(02)
Mensaje D / 00:00:00:000 / nodmanager(02) / 00:00:00:000 para top(01)
Mensaje D / 00:00:00:000 / top(01) / 00:00:00:000 para Root(00)
Mensaje * / 00:00:00:000 / Root(00) para top(01)
Mensaje * / 00:00:00:000 / top(01) para nodmanager(02)
Mensaje * / 00:00:00:000 / nodmanager(02) para registry(04)
Mensaje Y / 00:00:00:000 / registry(04) / aout /      8.00000 para nodmanager(02)
Mensaje Y / 00:00:00:000 / registry(04) / lout /      0.00000 para nodmanager(02)
Mensaje D / 00:00:00:000 / registry(04) / ... para nodmanager(02)
Mensaje Y / 00:00:00:000 / nodmanager(02) / nout /      8.00000 para top(01)
Mensaje Y / 00:00:00:000 / nodmanager(02) / lout /      0.00000 para top(01)
Mensaje D / 00:00:00:000 / nodmanager(02) / 00:00:00:500 para top(01)
Mensaje X / 00:00:00:000 / top(01) / nin /      8.00000 para stats(05)
Mensaje X / 00:00:00:000 / top(01) / lin /      0.00000 para stats(05)
Mensaje D / 00:00:00:000 / stats(05) / 00:00:00:000 para top(01)
Mensaje D / 00:00:00:000 / stats(05) / 00:00:00:000 para top(01)
Mensaje D / 00:00:00:000 / top(01) / 00:00:00:000 para Root(00)
Mensaje * / 00:00:00:000 / Root(00) para top(01)
Mensaje * / 00:00:00:000 / top(01) para stats(05)
Mensaje Y / 00:00:00:000 / stats(05) / aout /      0.00000 para top(01)
Mensaje D / 00:00:00:000 / stats(05) / 00:00:09:000 para top(01)
Mensaje Y / 00:00:00:000 / top(01) / rel /      0.00000 para Root(00)
Mensaje D / 00:00:00:000 / top(01) / 00:00:00:500 para Root(00)
Mensaje * / 00:00:00:500 / Root(00) para top(01)
Mensaje * / 00:00:00:500 / top(01) para nodmanager(02)
Mensaje * / 00:00:00:500 / nodmanager(02) para nodep(03)
Mensaje Y / 00:00:00:500 / nodep(03) / out /      1.00000 para nodmanager(02)
Mensaje D / 00:00:00:500 / nodep(03) / 00:00:00:500 para nodmanager(02)
Mensaje X / 00:00:00:500 / nodmanager(02) / pos /      1.00000 para registry(04)
Mensaje D / 00:00:00:500 / top(01) / 00:00:00:000 para nodmanager(02)
Mensaje D / 00:00:00:500 / nodmanager(02) / 00:00:00:000 para top(01)
Mensaje D / 00:00:00:500 / top(01) / 00:00:00:000 para Root(00)
Mensaje * / 00:00:00:500 / Root(00) para top(01)
Mensaje * / 00:00:00:500 / top(01) para nodmanager(02)
Mensaje * / 00:00:00:500 / nodmanager(02) para registry(01)
Mensaje Y / 00:00:00:500 / top(01) / aout /      8.00000 para nodmanager(02)
Mensaje Y / 00:00:00:500 / top(01) / lout /      7.00000 para nodmanager(02)
Mensaje D / 00:00:00:500 / top(01) / ... para nodmanager(02)
Mensaje Y / 00:00:00:500 / nodmanager(02) / nout /      8.00000 para top(01)
Mensaje Y / 00:00:00:500 / nodmanager(02) / lout /      7.00000 para top(01)
Mensaje D / 00:00:00:500 / nodmanager(02) / 00:00:00:500 para top(01)
Mensaje X / 00:00:00:500 / top(01) / nin /      8.00000 para stats(05)
Mensaje X / 00:00:00:500 / top(01) / lin /      7.00000 para stats(05)
Mensaje D / 00:00:00:500 / stats(05) / 00:00:00:000 para top(01)
Mensaje D / 00:00:00:500 / stats(05) / 00:00:00:000 para top(01)
Mensaje D / 00:00:00:500 / top(01) / 00:00:00:000 para Root(00)
Mensaje * / 00:00:00:500 / Root(00) para top(01)
Mensaje * / 00:00:00:500 / top(01) para stats(05)
Mensaje Y / 00:00:00:500 / stats(05) / aout /      0.25000 para top(01)
Mensaje D / 00:00:00:500 / stats(05) / 00:00:05:000 para top(01)
Mensaje Y / 00:00:00:500 / top(01) / rel /      0.25000 para Root(00)
Mensaje D / 00:00:00:500 / top(01) / 00:00:00:500 para Root(00)
Mensaje * / 00:00:01:000 / Root(00) para top(01)
Mensaje * / 00:00:01:000 / top(01) para nodmanager(02)
Mensaje * / 00:00:01:000 / nodmanager(02) para nodep(03)
Mensaje Y / 00:00:01:000 / nodep(03) / out /      1.00000 para nodmanager(02)
Mensaje D / 00:00:01:000 / nodep(03) / 00:00:00:500 para nodmanager(02)
Mensaje X / 00:00:01:000 / nodmanager(02) / pos /      1.00000 para registry(01)
Mensaje D / 00:00:01:000 / top(01) / 00:00:00:000 para nodmanager(02)
Mensaje D / 00:00:01:000 / nodmanager(02) / 00:00:00:000 para top(01)
Mensaje D / 00:00:01:000 / top(01) / 00:00:00:000 para Root(00)
Mensaje * / 00:00:01:000 / Root(00) para top(01)
Mensaje * / 00:00:01:000 / top(01) para nodmanager(02)
Mensaje * / 00:00:01:000 / nodmanager(02) para registry(01)
Mensaje Y / 00:00:01:000 / top(01) / aout /      8.00000 para nodmanager(02)
Mensaje Y / 00:00:01:000 / top(01) / lout /      7.00000 para nodmanager(02)
Mensaje D / 00:00:01:000 / top(01) / ... para nodmanager(02)
Mensaje Y / 00:00:01:000 / nodmanager(02) / nout /      8.00000 para top(01)
Mensaje Y / 00:00:01:000 / nodmanager(02) / lout /      7.00000 para top(01)
Mensaje D / 00:00:01:000 / nodmanager(02) / 00:00:00:500 para top(01)
Mensaje X / 00:00:01:000 / top(01) / nin /      8.00000 para stats(05)
Mensaje X / 00:00:01:000 / top(01) / lin /      7.00000 para stats(05)
Mensaje D / 00:00:01:000 / stats(05) / 00:00:00:000 para top(01)
Mensaje D / 00:00:01:000 / stats(05) / 00:00:00:000 para top(01)
Mensaje D / 00:00:01:000 / top(01) / 00:00:00:000 para Root(00)
Mensaje * / 00:00:01:000 / Root(00) para top(01)
Mensaje * / 00:00:01:000 / top(01) para stats(05)
Mensaje Y / 00:00:01:000 / stats(05) / aout /      0.25000 para top(01)
Mensaje D / 00:00:01:000 / stats(05) / 00:00:08:000 para top(01)
Mensaje Y / 00:00:01:000 / top(01) / rel /      0.25000 para Root(00)
Mensaje D / 00:00:01:000 / top(01) / 00:00:00:500 para Root(00)
Mensaje * / 00:00:01:500 / Root(00) para top(01)
Mensaje * / 00:00:01:500 / top(01) para nodmanager(02)
Mensaje * / 00:00:01:500 / nodmanager(02) para nodep(03)
Mensaje Y / 00:00:01:500 / nodep(03) / out /      1.00000 para nodmanager(02)
Mensaje D / 00:00:01:500 / nodep(03) / 00:00:00:500 para nodmanager(02)
Mensaje X / 00:00:01:500 / nodmanager(02) / pos /      1.00000 para registry(01)
Mensaje D / 00:00:01:500 / top(01) / 00:00:00:000 para nodmanager(02)
Mensaje D / 00:00:01:500 / nodmanager(02) / 00:00:00:000 para top(01)
Mensaje D / 00:00:01:500 / top(01) / 00:00:00:000 para Root(00)
Mensaje * / 00:00:01:500 / Root(00) para top(01)
Mensaje * / 00:00:01:500 / top(01) para nodmanager(02)
Mensaje * / 00:00:01:500 / nodmanager(02) para registry(01)
Mensaje Y / 00:00:01:500 / top(01) / aout /      8.00000 para nodmanager(02)
Mensaje Y / 00:00:01:500 / top(01) / lout /      7.00000 para nodmanager(02)
Mensaje D / 00:00:01:500 / top(01) / ... para nodmanager(02)
Mensaje Y / 00:00:01:500 / nodmanager(02) / nout /      8.00000 para top(01)
Mensaje Y / 00:00:01:500 / nodmanager(02) / lout /      7.00000 para top(01)
Mensaje D / 00:00:01:500 / nodmanager(02) / 00:00:00:500 para top(01)
Mensaje X / 00:00:01:500 / top(01) / nin /      8.00000 para stats(05)
Mensaje X / 00:00:01:500 / top(01) / lin /      7.00000 para stats(05)
Mensaje D / 00:00:01:500 / stats(05) / 00:00:00:000 para top(01)
Mensaje D / 00:00:01:500 / stats(05) / 00:00:00:000 para top(01)
Mensaje D / 00:00:01:500 / top(01) / 00:00:00:000 para Root(00)
Mensaje * / 00:00:01:500 / Root(00) para top(01)
Mensaje * / 00:00:01:500 / top(01) para stats(05)
Mensaje Y / 00:00:01:500 / stats(05) / aout /      0.25000 para top(01)
Mensaje D / 00:00:01:500 / stats(05) / 00:00:12:000 para top(01)
Mensaje Y / 00:00:01:500 / top(01) / rel /      0.25000 para Root(00)
Mensaje D / 00:00:01:500 / top(01) / 00:00:00:500 para Root(00)
Mensaje * / 00:00:02:000 / Root(00) para top(01)
Mensaje * / 00:00:02:000 / top(01) para nodmanager(02)
Mensaje * / 00:00:02:000 / nodmanager(02) para nodep(03)
Mensaje Y / 00:00:02:000 / nodep(03) / out /      1.00000 para nodmanager(02)
Mensaje D / 00:00:02:000 / nodep(03) / 00:00:00:500 para nodmanager(02)
Mensaje X / 00:00:02:000 / nodmanager(02) / pos /      1.00000 para registry(01)
Mensaje D / 00:00:02:000 / top(01) / 00:00:00:000 para nodmanager(02)
Mensaje D / 00:00:02:000 / nodmanager(02) / 00:00:00:000 para top(01)
Mensaje D / 00:00:02:000 / top(01) / 00:00:00:000 para Root(00)
Mensaje * / 00:00:02:000 / Root(00) para top(01)
Mensaje * / 00:00:02:000 / top(01) para nodmanager(02)
Mensaje * / 00:00:02:000 / nodmanager(02) para registry(01)
Mensaje Y / 00:00:02:000 / top(01) / aout /      8.00000 para nodmanager(02)
Mensaje Y / 00:00:02:000 / top(01) / lout /      7.00000 para nodmanager(02)
Mensaje D / 00:00:02:000 / top(01) / ... para nodmanager(02)
Mensaje Y / 00:00:02:000 / nodmanager(02) / nout /      8.00000 para top(01)
Mensaje Y / 00:00:02:000 / nodmanager(02) / lout /      7.00000 para top(01)
Mensaje D / 00:00:02:000 / nodmanager(02) / 00:00:00:500 para top(01)
Mensaje X / 00:00:02:000 / top(01) / nin /      8.00000 para stats(05)
Mensaje X / 00:00:02:000 / top(01) / lin /      7.00000 para stats(05)
Mensaje D / 00:00:02:000 / stats(05) / 00:00:00:000 para top(01)
Mensaje D / 00:00:02:000 / stats(05) / 00:00:00:000 para top(01)
Mensaje D / 00:00:02:000 / top(01) / 00:00:00:000 para Root(00)
Mensaje * / 00:00:02:000 / Root(00) para top(01)
Mensaje * / 00:00:02:000 / top(01) para stats(05)
Mensaje Y / 00:00:02:000 / stats(05) / aout /      0.25000 para top(01)
Mensaje D / 00:00:02:000 / stats(05) / 00:00:05:000 para top(01)
Mensaje Y / 00:00:02:000 / top(01) / rel /      0.25000 para Root(00)
Mensaje D / 00:00:02:000 / top(01) / 00:00:00:500 para Root(00)
Mensaje * / 00:00:02:500 / Root(00) para top(01)
Mensaje * / 00:00:02:500 / top(01) para nodmanager(02)
Mensaje * / 00:00:02:500 / nodmanager(02) para nodep(03)
Mensaje Y / 00:00:02:500 / nodep(03) / out /      1.00000 para nodmanager(02)
Mensaje D / 00:00:02:500 / nodep(03) / 00:00:00:500 para nodmanager(02)
Mensaje X / 00:00:02:500 / nodmanager(02) / pos /      1.00000 para registry(01)
Mensaje D / 00:00:02:500 / top(01) / 00:00:00:000 para nodmanager(02)
Mensaje D / 00:00:02:500 / nodmanager(02) / 00:00:00:000 para top(01)
Mensaje D / 00:00:02:500 / top(01) / 00:00:00:000 para Root(00)
Mensaje * / 00:00:02:500 / Root(00) para top(01)
Mensaje * / 00:00:02:500 / top(01) para nodmanager(02)
Mensaje * / 00:00:02:500 / nodmanager(02) para registry(01)
Mensaje Y / 00:00:02:500 / top(01) / aout /      8.00000 para nodmanager(02)
Mensaje Y / 00:00:02:500 / top(01) / lout /     11.00000 para nodmanager(02)
Mensaje D / 00:00:02:500 / top(01) / ... para nodmanager(02)
Mensaje Y / 00:00:02:500 / nodmanager(02) / nout /      8.00000 para top(01)
Mensaje Y / 00:00:02:500 / nodmanager(02) / lout /     11.00000 para top(01)
Mensaje D / 00:00:02:500 / nodmanager(02) / 00:00:00:500 para top(01)
Mensaje X / 00:00:02:500 / top(01) / nin /      8.00000 para stats(05)
Mensaje X / 00:00:02:500 / top(01) / lin /     11.00000 para stats(05)
Mensaje D / 00:00:02:500 / stats(05) / 00:00:00:000 para top(01)
Mensaje D / 00:00:02:500 / stats(05) / 00:00:00:000 para top(01)
Mensaje D / 00:00:02:500 / top(01) / 00:00:00:000 para Root(00)
Mensaje * / 00:00:02:500 / Root(00) para top(01)
Mensaje * / 00:00:02:500 / top(01) para stats(05)
Mensaje Y / 00:00:02:500 / stats(05) / aout /      0.39286 para top(01)
Mensaje D / 00:00:02:500 / stats(05) / 00:00:12:000 para top(01)
Mensaje Y / 00:00:02:500 / top(01) / rel /      0.39286 para Root(00)
Mensaje D / 00:00:02:500 / top(01) / 00:00:00:500 para Root(00)
Mensaje * / 00:00:03:000 / Root(00) para top(01)
Mensaje * / 00:00:03:000 / top(01) para nodmanager(02)
Mensaje * / 00:00:03:000 / nodmanager(02) para nodep(03)
Mensaje Y / 00:00:03:000 / nodep(03) / out /      1.00000 para nodmanager(02)
Mensaje D / 00:00:03:000 / nodep(03) / 00:00:00:500 para nodmanager(02)
Mensaje X / 00:00:03:000 / nodmanager(02) / pos /      1.00000 para registry(01)
Mensaje D / 00:00:03:000 / top(01) / 00:00:00:000 para nodmanager(02)
Mensaje D / 00:00:03:000 / nodmanager(02) / 00:00:00:000 para top(01)
Mensaje D / 00:00:03:000 / top(01) / 00:00:00:000 para Root(00)
Mensaje * / 00:00:03:000 / Root(00) para top(01)
Mensaje * / 00:00:03:000 / top(01) para nodmanager(02)
Mensaje * / 00:00:03:000 / nodmanager(02) para registry(01)
Mensaje Y / 00:00:03:000 / top(01) / aout /      8.00000 para nodmanager(02)
Mensaje Y / 00:00:03:000 / top(01) / lout /      9.00000 para nodmanager(02)
Mensaje D / 00:00:03:000 / top(01) / ... para nodmanager(02)
Mensaje Y / 00:00:03:000 / nodmanager(02) / nout /      8.00000 para top(01)
Mensaje Y / 00:00:03:000 / nodmanager(02) / lout /      9.00000 para top(01)
Mensaje D / 00:00:03:000 / nodmanager(02) / 00:00:00:500 para top(01)
Mensaje X / 00:00:03:000 / top(01) / nin /      8.00000 para stats(05)
Mensaje X / 00:00:03:000 / top(01) / lin /      9.00000 para stats(05)
Mensaje D / 00:00:03:000 / stats(05) / 00:00:00:000 para top(01)
Mensaje D / 00:00:03:000 / stats(05) / 00:00:00:000 para top(01)
Mensaje D / 00:00:03:000 / top(01) / 00:00:00:000 para Root(00)
Mensaje * / 00:00:03:000 / Root(00) para top(01)
Mensaje * / 00:00:03:000 / top(01) para stats(05)
Mensaje Y / 00:00:03:000 / stats(05) / aout /      0.32143 para top(01)
Mensaje D / 00:00:03:000 / stats(05) / 00:00:08:000 para top(01)
Mensaje Y / 00:00:03:000 / top(01) / rel /      0.32143 para Root(00)
Mensa