Mensaje I / 00:00:00:000 / Root(00) para top(01)
Mensaje I / 00:00:00:000 / top(01) para nodep(02)
Mensaje I / 00:00:00:000 / top(01) para nodegen(03)
Mensaje I / 00:00:00:000 / top(01) para deque(04)
Mensaje I / 00:00:00:000 / top(01) para registry(05)
Mensaje D / 00:00:00:000 / nodep(02) / 00:00:00:500 para top(01)
Mensaje D / 00:00:00:000 / nodegen(03) / 00:00:00:000 para top(01)
Mensaje D / 00:00:00:000 / deque(04) / 00:00:00:000 para top(01)
Mensaje D / 00:00:00:000 / registry(05) / 00:00:00:000 para top(01)
Mensaje D / 00:00:00:000 / top(01) / 00:00:00:000 para Root(00)
Mensaje * / 00:00:00:000 / Root(00) para top(01)
Mensaje * / 00:00:00:000 / top(01) para nodegen(03)
Mensaje Y / 00:00:00:000 / nodegen(03) / aout /      1.00000 para top(01)
Mensaje D / 00:00:00:000 / nodegen(03) / 00:00:02:000 para top(01)
Mensaje X / 00:00:00:000 / top(01) / gen /      1.00000 para registry(05)
Mensaje D / 00:00:00:000 / registry(05) / 00:00:00:000 para top(01)
Mensaje D / 00:00:00:000 / top(01) / 00:00:00:000 para Root(00)
Mensaje * / 00:00:00:000 / Root(00) para top(01)
Mensaje * / 00:00:00:000 / top(01) para deque(04)
Mensaje Y / 00:00:00:000 / deque(04) / aout /      1.00000 para top(01)
Mensaje D / 00:00:00:000 / deque(04) / 00:00:00:000 para top(01)
Mensaje X / 00:00:00:000 / top(01) / deq /      1.00000 para registry(05)
Mensaje D / 00:00:00:000 / registry(05) / 00:00:00:000 para top(01)
Mensaje D / 00:00:00:000 / top(01) / 00:00:00:000 para Root(00)
Mensaje * / 00:00:00:000 / Root(00) para top(01)
Mensaje * / 00:00:00:000 / top(01) para deque(04)
Mensaje Y / 00:00:00:000 / deque(04) / aout /      1.00000 para top(01)
Mensaje D / 00:00:00:000 / deque(04) / 00:00:01:000 para top(01)
Mensaje X / 00:00:00:000 / top(01) / deq /      1.00000 para registry(05)
Mensaje D / 00:00:00:000 / registry(05) / 00:00:00:000 para top(01)
Mensaje D / 00:00:00:000 / top(01) / 00:00:00:000 para Root(00)
Mensaje * / 00:00:00:000 / Root(00) para top(01)
Mensaje * / 00:00:00:000 / top(01) para registry(05)
Mensaje Y / 00:00:00:000 / registry(05) / aout /      7.00000 para top(01)
Mensaje Y / 00:00:00:000 / registry(05) / lout /      8.00000 para top(01)
Mensaje D / 00:00:00:000 / registry(05) / ... para top(01)
Mensaje Y / 00:00:00:000 / top(01) / nout /      7.00000 para Root(00)
Mensaje Y / 00:00:00:000 / top(01) / lout /      8.00000 para Root(00)
Mensaje D / 00:00:00:000 / top(01) / 00:00:00:500 para Root(00)
Mensaje * / 00:00:00:500 / Root(00) para top(01)
Mensaje * / 00:00:00:500 / top(01) para nodep(02)
Mensaje Y / 00:00:00:500 / nodep(02) / out /      1.00000 para top(01)
Mensaje D / 00:00:00:500 / nodep(02) / 00:00:00:500 para top(01)
Mensaje X / 00:00:00:500 / top(01) / pos /      1.00000 para registry(05)
Mensaje D / 00:00:00:500 / registry(05) / 00:00:00:000 para top(01)
Mensaje D / 00:00:00:500 / top(01) / 00:00:00:000 para Root(00)
Mensaje * / 00:00:00:500 / Root(00) para top(01)
Mensaje * / 00:00:00:500 / top(01) para registry(05)
Mensaje Y / 00:00:00:500 / registry(05) / aout /      7.00000 para top(01)
Mensaje Y / 00:00:00:500 / registry(05) / lout /      6.00000 para top(01)
Mensaje D / 00:00:00:500 / registry(05) / ... para top(01)
Mensaje Y / 00:00:00:500 / top(01) / nout /      7.00000 para Root(00)
Mensaje Y / 00:00:00:500 / top(01) / lout /      6.00000 para Root(00)
Mensaje D / 00:00:00:500 / top(01) / 00:00:00:500 para Root(00)
Mensaje * / 00:00:01:000 / Root(00) para top(01)
Mensaje * / 00:00:01:000 / top(01) para nodep(02)
Mensaje Y / 00:00:01:000 / nodep(02) / out /      1.00000 para top(01)
Mensaje D / 00:00:01:000 / nodep(02) / 00:00:00:500 para top(01)
Mensaje X / 00:00:01:000 / top(01) / pos /      1.00000 para registry(05)
Mensaje D / 00:00:01:000 / registry(05) / 00:00:00:000 para top(01)
Mensaje D / 00:00:01:000 / top(01) / 00:00:00:000 para Root(00)
Mensaje * / 00:00:01:000 / Root(00) para top(01)
Mensaje * / 00:00:01:000 / top(01) para deque(04)
Mensaje Y / 00:00:01:000 / deque(04) / aout /      1.00000 para top(01)
Mensaje D / 00:00:01:000 / deque(04) / 00:00:01:000 para top(01)
Mensaje X / 00:00:01:000 / top(01) / deq /      1.00000 para registry(05)
Mensaje D / 00:00:01:000 / registry(05) / 00:00:00:000 para top(01)
Mensaje D / 00:00:01:000 / top(01) / 00:00:00:000 para Root(00)
Mensaje * / 00:00:01:000 / Root(00) para top(01)
Mensaje * / 00:00:01:000 / top(01) para registry(05)
Mensaje Y / 00:00:01:000 / registry(05) / aout /      6.00000 para top(01)
Mensaje Y / 00:00:01:000 / registry(05) / lout /      5.00000 para top(01)
Mensaje D / 00:00:01:000 / registry(05) / ... para top(01)
Mensaje Y / 00:00:01:000 / top(01) / nout /      6.00000 para Root(00)
Mensaje Y / 00:00:01:000 / top(01) / lout /      5.00000 para Root(00)
Mensaje D / 00:00:01:000 / top(01) / 00:00:00:500 para Root(00)
Mensaje * / 00:00:01:500 / Root(00) para top(01)
Mensaje * / 00:00:01:500 / top(01) para nodep(02)
Mensaje Y / 00:00:01:500 / nodep(02) / out /      1.00000 para top(01)
Mensaje D / 00:00:01:500 / nodep(02) / 00:00:00:500 para top(01)
Mensaje X / 00:00:01:500 / top(01) / pos /      1.00000 para registry(05)
Mensaje D / 00:00:01:500 / registry(05) / 00:00:00:000 para top(01)
Mensaje D / 00:00:01:500 / top(01) / 00:00:00:000 para Root(00)
Mensaje * / 00:00:01:500 / Root(00) para top(01)
Mensaje * / 00:00:01:500 / top(01) para registry(05)
Mensaje Y / 00:00:01:500 / registry(05) / aout /      6.00000 para top(01)
Mensaje Y / 00:00:01:500 / registry(05) / lout /      5.00000 para top(01)
Mensaje D / 00:00:01:500 / registry(05) / ... para top(01)
Mensaje Y / 00:00:01:500 / top(01) / nout /      6.00000 para Root(00)
Mensaje Y / 00:00:01:500 / top(01) / lout /      5.00000 para Root(00)
Mensaje D / 00:00:01:500 / top(01) / 00:00:00:500 para Root(00)
Mensaje * / 00:00:02:000 / Root(00) para top(01)
Mensaje * / 00:00:02:000 / top(01) para nodep(02)
Mensaje Y / 00:00:02:000 / nodep(02) / out /      1.00000 para top(01)
Mensaje D / 00:00:02:000 / nodep(02) / 00:00:00:500 para top(01)
Mensaje X / 00:00:02:000 / top(01) / pos /      1.00000 para registry(05)
Mensaje D / 00:00:02:000 / registry(05) / 00:00:00:000 para top(01)
Mensaje D / 00:00:02:000 / top(01) / 00:00:00:000 para Root(00)
Mensaje * / 00:00:02:000 / Root(00) para top(01)
Mensaje * / 00:00:02:000 / top(01) para nodegen(03)
Mensaje Y / 00:00:02:000 / nodegen(03) / aout /      1.00000 para top(01)
Mensaje D / 00:00:02:000 / nodegen(03) / 00:00:03:000 para top(01)
Mensaje X / 00:00:02:000 / top(01) / gen /      1.00000 para registry(05)
Mensaje D / 00:00:02:000 / registry(05) / 00:00:00:000 para top(01)
Mensaje D / 00:00:02:000 / top(01) / 00:00:00:000 para Root(00)
Mensaje * / 00:00:02:000 / Root(00) para top(01)
Mensaje * / 00:00:02:000 / top(01) para deque(04)
Mensaje Y / 00:00:02:000 / deque(04) / aout /      1.00000 para top(01)
Mensaje D / 00:00:02:000 / deque(04) / 00:00:03:000 para top(01)
Mensaje X / 00:00:02:000 / top(01) / deq /      1.00000 para registry(05)
Mensaje D / 00:00:02:000 / registry(05) / 00:00:00:000 para top(01)
Mensaje D / 00:00:02:000 / top(01) / 00:00:00:000 para Root(00)
Mensaje * / 00:00:02:000 / Root(00) para top(01)
Mensaje * / 00:00:02:000 / top(01) para registry(05)
Mensaje Y / 00:00:02:000 / registry(05) / aout /      6.00000 para top(01)
Mensaje Y / 00:00:02:000 / registry(05) / lout /      5.00000 para top(01)
Mensaje D / 00:00:02:000 / registry(05) / ... para top(01)
Mensaje Y / 00:00:02:000 / top(01) / nout /      6.00000 para Root(00)
Mensaje Y / 00:00:02:000 / top(01) / lout /      5.00000 para Root(00)
Mensaje D / 00:00:02:000 / top(01) / 00:00:00:500 para Root(00)
Mensaje * / 00:00:02:500 / Root(00) para top(01)
Mensaje * / 00:00:02:500 / top(01) para nodep(02)
Mensaje Y / 00:00:02:500 / nodep(02) / out /      1.00000 para top(01)
Mensaje D / 00:00:02:500 / nodep(02) / 00:00:00:500 para top(01)
Mensaje X / 00:00:02:500 / top(01) / pos /      1.00000 para registry(05)
Mensaje D / 00:00:02:500 / registry(05) / 00:00:00:000 para top(01)
Mensaje D / 00:00:02:500 / top(01) / 00:00:00:000 para Root(00)
Mensaje * / 00:00:02:500 / Root(00) para top(01)
Mensaje * / 00:00:02:500 / top(01) para registry(05)
Mensaje Y / 00:00:02:500 / registry(05) / aout /      6.00000 para top(01)
Mensaje Y / 00:00:02:500 / registry(05) / lout /      5.00000 para top(01)
Mensaje D / 00:00:02:500 / registry(05) / ... para top(01)
Mensaje Y / 00:00:02:500 / top(01) / nout /      6.00000 para Root(00)
Mensaje Y / 00:00:02:500 / top(01) / lout /      5.00000 para Root(00)
Mensaje D / 00:00:02:500 / top(01) / 00:00:00:500 para Root(00)
Mensaje * / 00:00:03:000 / Root(00) para top(01)
Mensaje * / 00:00:03:000 / top(01) para nodep(02)
Mensaje Y / 00:00:03:000 / nodep(02) / out /      1.00000 para top(01)
Mensaje D / 00:00:03:000 / nodep(02) / 00:00:00:500 para top(01)
Mensaje X / 00:00:03:000 / top(01) / pos /      1.00000 para registry(05)
Mensaje D / 00:00:03:000 / registry(05) / 00:00:00:000 para top(01)
Mensaje D / 00:00:03:000 / top(01) / 00:00:00:000 para Root(00)
Mensaje * / 00:00:03:000 / Root(00) para top(01)
Mensaje * / 00:00:03:000 / top(01) para registry(05)
Mensaje Y / 00:00:03:000 / registry(05) / aout /      6.00000 para top(01)
Mensaje Y / 00:00:03:000 / registry(05) / lout /      5.00000 para top(01)
Mensaje D / 00:00:03:000 / registry(05) / ... para top(01)
Mensaje Y / 00:00:03:000 / top(01) / nout /      6.00000 para Root(00)
Mensaje Y / 00:00:03:000 / top(01) / lout /      5.00000 para Root(00)
Mensaje D / 00:00:03:000 / top(01) / 00:00:00:500 para Root(00)
Mensaje * / 00:00:03:500 / Root(00) para top(01)
Mensaje * / 00:00:03:500 / top(01) para nodep(02)
Mensaje Y / 00:00:03:500 / nodep(02) / out /      1.00000 para top(01)
Mensaje D / 00:00:03:500 / nodep(02) / 00:00:00:500 para top(01)
Mensaje X / 00:00:03:500 / top(01) / pos /      1.00000 para registry(05)
Mensaje D / 00:00:03:500 / registry(05) / 00:00:00:000 para top(01)
Mensaje D / 00:00:03:500 / top(01) / 00:00:00:000 para Root(00)
Mensaje * / 00:00:03:500 / Root(00) para top(01)
Mensaje * / 00:00:03:500 / top(01) para registry(05)
Mensaje Y / 00:00:03:500 / registry(05) / aout /      6.00000 para top(01)
Mensaje Y / 00:00:03:500 / registry(05) / lout /      5.00000 para top(01)
Mensaje D / 00:00:03:500 / registry(05) / ... para top(01)
Mensaje Y / 00:00:03:500 / top(01) / nout /      6.00000 para Root(00)
Mensaje Y / 00:00:03:500 / top(01) / lout /      5.00000 para Root(00)
Mensaje D / 00:00:03:500 / top(01) / 00:00:00:500 para Root(00)
Mensaje * / 00:00:04:000 / Root(00) para top(01)
Mensaje * / 00:00:04:000 / top(01) para nodep(02)
Mensaje Y / 00:00:04:000 / nodep(02) / out /      1.00000 para top(01)
Mensaje D / 00:00:04:000 / nodep(02) / 00:00:00:500 para top(01)
Mensaje X / 00:00:04:000 / top(01) / pos /      1.00000 para registry(05)
Mensaje D / 00:00:04:000 / registry(05) / 00:00:00:000 para top(01)
Mensaje D / 00:00:04:000 / top(01) / 00:00:00:000 para Root(00)
Mensaje * / 00:00:04:000 / Root(00) para top(01)
Mensaje * / 00:00:04:000 / top(01) para registry(05)
Mensaje Y / 00:00:04:000 / registry(05) / aout /      6.00000 para top(01)
Mensaje Y / 00:00:04:000 / registry(05) / lout /      5.00000 para top(01)
Mensaje D / 00:00:04:000 / registry(05) / ... para top(01)
Mensaje Y / 00:00:04:000 / top(01) / nout /      6.00000 para Root(00)
Mensaje Y / 00:00:04:000 / top(01) / lout /      5.00000 para Root(00)
Mensaje D / 00:00:04:000 / top(01) / 00:00:00:500 para Root(00)
Mensaje * / 00:00:04:500 / Root(00) para top(01)
Mensaje * / 00:00:04:500 / top(01) para nodep(02)
Mensaje Y / 00:00:04:500 / nodep(02) / out /      1.00000 para top(01)
Mensaje D / 00:00:04:500 / nodep(02) / 00:00:00:500 para top(01)
Mensaje X / 00:00:04:500 / top(01) / pos /      1.00000 para registry(05)
Mensaje D / 00:00:04:500 / registry(05) / 00:00:00:000 para top(01)
Mensaje D / 00:00:04:500 / top(01) / 00:00:00:000 para Root(00)
Mensaje * / 00:00:04:500 / Root(00) para top(01)
Mensaje * / 00:00:04:500 / top(01) para registry(05)
Mensaje Y / 00:00:04:500 / registry(05) / aout /      6.00000 para top(01)
Mensaje Y / 00:00:04:500 / registry(05) / lout /      7.00000 para top(01)
Mensaje D / 00:00:04:500 / registry(05) / ... para top(01)
Mensaje Y / 00:00:04:500 / top(01) / nout /      6.00000 para Root(00)
Mensaje Y / 00:00:04:500 / top(01) / lout /      7.00000 para Root(00)
Mensaje D / 00:00:04:500 / top(01) / 00:00:00:500 para Root(00)
Mensaje * / 00:00:05:000 / Root(00) para top(01)
Mensaje * / 00:00:05:000 / top(01) para nodep(02)
Mensaje Y / 00:00:05:000 / nodep(02) / out /      1.00000 para top(01)
Mensaje D / 00:00:05:000 / nodep(02) / 00:00:00:500 para top(01)
Mensaje X / 00:00:05:000 / top(01) / pos /      1.00000 para registry(05)
Mensaje D / 00:00:05:000 / registry(05) / 00:00:00:000 para top(01)
Mensaje D / 00:00:05:000 / top(01) / 00:00:00:000 para Root(00)
Mensaje * / 00:00:05:000 / Root(00) para top(01)
Mensaje * / 00:00:05:000 / top(01) para nodegen(03)
Mensaje Y / 00:00:05:000 / nodegen(03) / aout /      1.00000 para top(01)
Mensaje D / 00:00:05:000 / nodegen(03) / 00:00:01:000 para top(01)
Mensaje X / 00:00:05:000 / top(01) / gen /      1.00000 para registry(05)
Mensaje D / 00:00:05:000 / registry(05) / 00:00:00:000 para top(01)
Mensaje D / 00:00:05:000 / top(01) / 00:00:00:000 para Root(00)
Mensaje * / 00:00:05:000 / Root(00) p