Mensaje I / 00:00:00:000 / Root(00) para top(01)
Mensaje I / 00:00:00:000 / top(01) para nodepositions(02)
Mensaje D / 00:00:00:000 / nodepositions(02) / 00:00:00:500 para top(01)
Mensaje D / 00:00:00:000 / top(01) / 00:00:00:500 para Root(00)
Mensaje * / 00:00:00:500 / Root(00) para top(01)
Mensaje * / 00:00:00:500 / top(01) para nodepositions(02)
Mensaje Y / 00:00:00:500 / nodepositions(02) / out /      1.00000 para top(01)
Mensaje D / 00:00:00:500 / nodepositions(02) / 00:00:00:500 para top(01)
Mensaje Y / 00:00:00:500 / top(01) / out1 /      1.00000 para Root(00)
Mensaje D / 00:00:00:500 / top(01) / 00:00:00:500 para Root(00)
Mensaje * / 00:00:01:000 / Root(00) para top(01)
Mensaje * / 00:00:01:000 / top(01) para nodepositions(02)
Mensaje Y / 00:00:01:000 / nodepositions(02) / out /      1.00000 para top(01)
Mensaje D / 00:00:01:000 / nodepositions(02) / 00:00:00:500 para top(01)
Mensaje Y / 00:00:01:000 / top(01) / out1 /      1.00000 para Root(00)
Mensaje D / 00:00:01:000 / top(01) / 00:00:00:500 para Root(00)
Mensaje * / 00:00:01:500 / Root(00) para top(01)
Mensaje * / 00:00:01:500 / top(01) para nodepositions(02)
Mensaje Y / 00:00:01:500 / nodepositions(02) / out /      1.00000 para top(01)
Mensaje D / 00:00:01:500 / nodepositions(02) / 00:00:00:500 para top(01)
Mensaje Y / 00:00:01:500 / top(01) / out1 /      1.00000 para Root(00)
Mensaje D / 00:00:01:500 / top(01) / 00:00:00:500 para Root(00)
Mensaje * / 00:00:02:000 / Root(00) para top(01)
Mensaje * / 00:00:02:000 / top(01) para nodepositions(02)
Mensaje Y / 00:00:02:000 / nodepositions(02) / out /      1.00000 para top(01)
Mensaje D / 00:00:02:000 / nodepositions(02) / 00:00:00:500 para top(01)
Mensaje Y / 00:00:02:000 / top(01) / out1 /      1.00000 para Root(00)
Mensaje D / 00:00:02:000 / top(01) / 00:00:00:500 para Root(00)
Mensaje * / 00:00:02:500 / Root(00) para top(01)
Mensaje * / 00:00:02:500 / top(01) para nodepositions(02)
Mensaje Y / 00:00:02:500 / nodepositions(02) / out /      1.00000 para top(01)
Mensaje D / 00:00:02:500 / nodepositions(02) / 00:00:00:500 para top(01)
Mensaje Y / 00:00:02:500 / top(01) / out1 /      1.00000 para Root(00)
Mensaje D / 00:00:02:500 / top(01) / 00:00:00:500 para Root(00)
Mensaje * / 00:00:03:000 / Root(00) para top(01)
Mensaje * / 00:00:03:000 / top(01) para nodepositions(02)
Mensaje Y / 00:00:03:000 / nodepositions(02) / out /      1.00000 para top(01)
Mensaje D / 00:00:03:000 / nodepositions(02) / 00:00:00:500 para top(01)
Mensaje Y / 00:00:03:000 / top(01) / out1 /      1.00000 para Root(00)
Mensaje D / 00:00:03:000 / top(01) / 00:00:00:500 para Root(00)
Mensaje * / 00:00:03:500 / Root(00) para top(01)
Mensaje * / 00:00:03:500 / top(01) para nodepositions(02)
Mensaje Y / 00:00:03:500 / nodepositions(02) / out /      1.00000 para top(01)
Mensaje D / 00:00:03:500 / nodepositions(02) / 00:00:00:500 para top(01)
Mensaje Y / 00:00:03:500 / top(01) / out1 /      1.00000 para Root(00)
Mensaje D / 00:00:03:500 / top(01) / 00:00:00:500 para Root(00)
Mensaje * / 00:00:04:000 / Root(00) para top(01)
Mensaje * / 00:00:04:000 / top(01) para nodepositions(02)
Mensaje Y / 00:00:04:000 / nodepositions(02) / out /      1.00000 para top(01)
Mensaje D / 00:00:04:000 / nodepositions(02) / 00:00:00:500 para top(01)
Mensaje Y / 00:00:04:000 / top(01) / out1 /      1.00000 para Root(00)
Mensaje D / 00:00:04:000 / top(01) / 00:00:00:500 para Root(00)
Mensaje * / 00:00:04:500 / Root(00) para top(01)
Mensaje * / 00:00:04:500 / top(01) para nodepositions(02)
Mensaje Y / 00:00:04:500 / nodepositions(02) / out /      1.00000 para top(01)
Mensaje D / 00:00:04:500 / nodepositions(02) / 00:00:00:500 para top(01)
Mensaje Y / 00:00:04:500 / top(01) / out1 /      1.00000 para Root(00)
Mensaje D / 00:00:04:500 / top(01) / 00:00:00:500 para Root(00)
Mensaje * / 00:00:05:000 / Root(00) para top(01)
Mensaje * / 00:00:05:000 / top(01) para nodepositions(02)
Mensaje Y / 00:00:05:000 / nodepositions(02) / out /      1.00000 para top(01)
Mensaje D / 00:00:05:000 / nodepositions(02) / 00:00:00:500 para top(01)
Mensaje Y / 00:00:05:000 / top(01) / out1 /      1.00000 para Root(00)
Mensaje D / 00:00:05:000 / top(01) / 00:00:00:500 para Root(00)
