Mensaje I / 00:00:00:000 / Root(00) para top(01)
Mensaje I / 00:00:00:000 / top(01) para registry(02)
Mensaje D / 00:00:00:000 / registry(02) / 00:00:00:000 para top(01)
Mensaje D / 00:00:00:000 / top(01) / 00:00:00:000 para Root(00)
Mensaje * / 00:00:00:000 / Root(00) para top(01)
Mensaje * / 00:00:00:000 / top(01) para registry(02)
Mensaje Y / 00:00:00:000 / registry(02) / aout /      8.00000 para top(01)
Mensaje Y / 00:00:00:000 / registry(02) / lout /      0.00000 para top(01)
Mensaje D / 00:00:00:000 / registry(02) / ... para top(01)
Mensaje Y / 00:00:00:000 / top(01) / out /      8.00000 para Root(00)
Mensaje Y / 00:00:00:000 / top(01) / out2 /      0.00000 para Root(00)
Mensaje D / 00:00:00:000 / top(01) / ... para Root(00)
Mensaje X / 00:00:01:000 / Root(00) / pos /      1.00000 para top(01)
Mensaje X / 00:00:01:000 / top(01) / pos /      1.00000 para registry(02)
Mensaje D / 00:00:01:000 / registry(02) / 00:00:00:000 para top(01)
Mensaje D / 00:00:01:000 / top(01) / 00:00:00:000 para Root(00)
Mensaje * / 00:00:01:000 / Root(00) para top(01)
Mensaje * / 00:00:01:000 / top(01) para registry(02)
Mensaje Y / 00:00:01:000 / registry(02) / aout /      8.00000 para top(01)
Mensaje Y / 00:00:01:000 / registry(02) / lout /      9.00000 para top(01)
Mensaje D / 00:00:01:000 / registry(02) / ... para top(01)
Mensaje Y / 00:00:01:000 / top(01) / out /      8.00000 para Root(00)
Mensaje Y / 00:00:01:000 / top(01) / out2 /      9.00000 para Root(00)
Mensaje D / 00:00:01:000 / top(01) / ... para Root(00)
Mensaje X / 00:00:01:500 / Root(00) / out /      1.00000 para top(01)
Mensaje D / 00:00:01:500 / top(01) / ... para Root(00)
Mensaje X / 00:00:02:000 / Root(00) / pos /      1.00000 para top(01)
Mensaje X / 00:00:02:000 / top(01) / pos /      1.00000 para registry(02)
Mensaje D / 00:00:02:000 / registry(02) / 00:00:00:000 para top(01)
Mensaje D / 00:00:02:000 / top(01) / 00:00:00:000 para Root(00)
Mensaje * / 00:00:02:000 / Root(00) para top(01)
Mensaje * / 00:00:02:000 / top(01) para registry(02)
Mensaje Y / 00:00:02:000 / registry(02) / aout /      8.00000 para top(01)
Mensaje Y / 00:00:02:000 / registry(02) / lout /      9.00000 para top(01)
Mensaje D / 00:00:02:000 / registry(02) / ... para top(01)
Mensaje Y / 00:00:02:000 / top(01) / out /      8.00000 para Root(00)
Mensaje Y / 00:00:02:000 / top(01) / out2 /      9.00000 para Root(00)
Mensaje D / 00:00:02:000 / top(01) / ... para Root(00)
Mensaje X / 00:00:02:500 / Root(00) / out2 /      1.00000 para top(01)
Mensaje D / 00:00:02:500 / top(01) / ... para Root(00)
Mensaje X / 00:00:03:000 / Root(00) / pos /      1.00000 para top(01)
Mensaje X / 00:00:03:000 / top(01) / pos /      1.00000 para registry(02)
Mensaje D / 00:00:03:000 / registry(02) / 00:00:00:000 para top(01)
Mensaje D / 00:00:03:000 / top(01) / 00:00:00:000 para Root(00)
Mensaje * / 00:00:03:000 / Root(00) para top(01)
Mensaje * / 00:00:03:000 / top(01) para registry(02)
Mensaje Y / 00:00:03:000 / registry(02) / aout /      8.00000 para top(01)
Mensaje Y / 00:00:03:000 / registry(02) / lout /      7.00000 para top(01)
Mensaje D / 00:00:03:000 / registry(02) / ... para top(01)
Mensaje Y / 00:00:03:000 / top(01) / out /      8.00000 para Root(00)
Mensaje Y / 00:00:03:000 / top(01) / out2 /      7.00000 para Root(00)
Mensaje D / 00:00:03:000 / top(01) / ... para Root(00)
Mensaje X / 00:00:04:001 / Root(00) / pos /      1.00000 para top(01)
Mensaje X / 00:00:04:001 / top(01) / pos /      1.00000 para registry(02)
Mensaje D / 00:00:04:001 / registry(02) / 00:00:00:000 para top(01)
Mensaje D / 00:00:04:001 / top(01) / 00:00:00:000 para Root(00)
Mensaje * / 00:00:04:001 / Root(00) para top(01)
Mensaje * / 00:00:04:001 / top(01) para registry(02)
Mensaje Y / 00:00:04:001 / registry(02) / aout /      8.00000 para top(01)
Mensaje Y / 00:00:04:001 / registry(02) / lout /      9.00000 para top(01)
Mensaje D / 00:00:04:001 / registry(02) / ... para top(01)
Mensaje Y / 00:00:04:001 / top(01) / out /      8.00000 para Root(00)
Mensaje Y / 00:00:04:001 / top(01) / out2 /      9.00000 para Root(00)
Mensaje D / 00:00:04:001 / top(01) / ... para Root(00)
Mensaje X / 00:00:05:006 / Root(00) / pos /      1.00000 para top(01)
Mensaje X / 00:00:05:006 / top(01) / pos /      1.00000 para registry(02)
Mensaje D / 00:00:05:006 / registry(02) / 00:00:00:000 para top(01)
Mensaje D / 00:00:05:006 / top(01) / 00:00:00:000 para Root(00)
Mensaje * / 00:00:05:006 / Root(00) para top(01)
Mensaje * / 00:00:05:006 / top(01) para registry(02)
Mensaje Y / 00:00:05:006 / registry(02) / aout /      8.00000 para top(01)
Mensaje Y / 00:00:05:006 / registry(02) / lout /      9.00000 para top(01)
Mensaje D / 00:00:05:006 / registry(02) / ... para top(01)
Mensaje Y / 00:00:05:006 / top(01) / out /      8.00000 para Root(00)
Mensaje Y / 00:00:05:006 / top(01) / out2 /      9.00000 para Root(00)
Mensaje D / 00:00:05:006 / top(01) / ... para Root(00)
Mensaje X / 00:00:06:010 / Root(00) / pos /      1.00000 para top(01)
Mensaje X / 00:00:06:010 / top(01) / pos /      1.00000 para registry(02)
Mensaje D / 00:00:06:010 / registry(02) / 00:00:00:000 para top(01)
Mensaje D / 00:00:06:010 / top(01) / 00:00:00:000 para Root(00)
Mensaje * / 00:00:06:010 / Root(00) para top(01)
Mensaje * / 00:00:06:010 / top(01) para registry(02)
Mensaje Y / 00:00:06:010 / registry(02) / aout /      8.00000 para top(01)
Mensaje Y / 00:00:06:010 / registry(02) / lout /      9.00000 para top(01)
Mensaje D / 00:00:06:010 / registry(02) / ... para top(01)
Mensaje Y / 00:00:06:010 / top(01) / out /      8.00000 para Root(00)
Mensaje Y / 00:00:06:010 / top(01) / out2 /      9.00000 para Root(00)
Mensaje D / 00:00:06:010 / top(01) / ... para Root(00)
